app/build/intermediates/manifest_merge_blame_file/debug/manifest-merger-blame-debug-report.txt
1<?xml version="1.0" encoding="utf-8"?>
2<manifest xmlns:android="http://schemas.android.com/apk/res/android"
3    package="com.saidur.corona"
4    android:versionCode="1"
5    android:versionName="1.0" >
6
7    <uses-sdk
8        android:minSdkVersion="21"
8-->src\main\AndroidManifest.xml
9        android:targetSdkVersion="29" />
9-->src\main\AndroidManifest.xml
10
11    <uses-permission android:name="android.permission.INTERNET" />
11-->src\main\AndroidManifest.xml:4:5-83
11-->src\main\AndroidManifest.xml:4:22-64
12    <uses-permission android:name="android.permission.ACCESS_NETWORK_STATE" >
12-->src\main\AndroidManifest.xml:5:5-6:23
12-->src\main\AndroidManifest.xml:5:22-76
13    </uses-permission>
14    <uses-permission android:name="android.permission.ACCESS_WIFI_STATE" />
14-->src\main\AndroidManifest.xml:7:5-92
14-->src\main\AndroidManifest.xml:7:22-73
15    <uses-permission android:name="android.permission.INTERNET" />
15-->src\main\AndroidManifest.xml:4:5-83
15-->src\main\AndroidManifest.xml:4:22-64
16    <uses-permission android:name="android.permission.WAKE_LOCK" /> <!-- Required by older versions of Google Play services to create IID tokens -->
16-->[com.google.android.gms:play-services-measurement-api:17.2.3] AndroidManifest.xml:24:5-68
16-->[com.google.android.gms:play-services-measurement-api:17.2.3] AndroidManifest.xml:24:22-65
17    <uses-permission android:name="com.google.android.c2dm.permission.RECEIVE" />
17-->[com.google.firebase:firebase-iid:20.0.2] AndroidManifest.xml:26:5-82
17-->[com.google.firebase:firebase-iid:20.0.2] AndroidManifest.xml:26:22-79
18    <uses-permission android:name="com.google.android.finsky.permission.BIND_GET_INSTALL_REFERRER_SERVICE" />
18-->[com.google.android.gms:play-services-measurement:17.2.3] AndroidManifest.xml:26:5-110
18-->[com.google.android.gms:play-services-measurement:17.2.3] AndroidManifest.xml:26:22-107
19
20    <application
20-->src\main\AndroidManifest.xml:10:5-29:19
21        android:allowBackup="true"
21-->src\main\AndroidManifest.xml:11:9-35
22        android:appComponentFactory="androidx.core.app.CoreComponentFactory"
22-->[androidx.core:core:1.1.0] AndroidManifest.xml:24:18-86
23        android:debuggable="true"
24        android:icon="@mipmap/ic_launcher"
24-->src\main\AndroidManifest.xml:12:9-43
25        android:label="@string/app_name"
25-->src\main\AndroidManifest.xml:13:9-41
26        android:roundIcon="@mipmap/ic_launcher_round"
26-->src\main\AndroidManifest.xml:14:9-54
27        android:supportsRtl="true"
27-->src\main\AndroidManifest.xml:15:9-35
28        android:theme="@style/AppTheme" >
28-->src\main\AndroidManifest.xml:16:9-40
29        <activity android:name="com.saidur.corona.tips.LiveUpdateActivity" />
29-->src\main\AndroidManifest.xml:17:9-87
29-->src\main\AndroidManifest.xml:17:19-75
30        <activity android:name="com.saidur.corona.tips.SymptomActivity" />
30-->src\main\AndroidManifest.xml:18:9-75
30-->src\main\AndroidManifest.xml:18:19-72
31        <activity android:name="com.saidur.corona.live_update.MedicineActivity" />
31-->src\main\AndroidManifest.xml:19:9-83
31-->src\main\AndroidManifest.xml:19:19-80
32        <activity android:name="com.saidur.corona.tips.TipsActivity" />
32-->src\main\AndroidManifest.xml:20:9-72
32-->src\main\AndroidManifest.xml:20:19-69
33        <activity android:name="com.saidur.corona.emergency.Emergency_Activity" />
33-->src\main\AndroidManifest.xml:21:9-83
33-->src\main\AndroidManifest.xml:21:19-80
34        <activity android:name="com.saidur.corona.MainActivity" >
34-->src\main\AndroidManifest.xml:22:9-28:20
34-->src\main\AndroidManifest.xml:22:19-64
35            <intent-filter>
35-->src\main\AndroidManifest.xml:23:13-27:29
36                <action android:name="android.intent.action.MAIN" />
36-->src\main\AndroidManifest.xml:24:17-69
36-->src\main\AndroidManifest.xml:24:25-66
37
38                <category android:name="android.intent.category.LAUNCHER" />
38-->src\main\AndroidManifest.xml:26:17-77
38-->src\main\AndroidManifest.xml:26:27-74
39            </intent-filter>
40        </activity>
41
42        <service
42-->[com.google.firebase:firebase-database:19.2.1] AndroidManifest.xml:29:9-35:19
43            android:name="com.google.firebase.components.ComponentDiscoveryService"
43-->[com.google.firebase:firebase-database:19.2.1] AndroidManifest.xml:30:13-84
44            android:directBootAware="true"
44-->[com.google.firebase:firebase-common:19.3.0] AndroidManifest.xml:34:13-43
45            android:exported="false" >
45-->[com.google.firebase:firebase-database:19.2.1] AndroidManifest.xml:31:13-37
46            <meta-data
46-->[com.google.firebase:firebase-database:19.2.1] AndroidManifest.xml:32:13-34:85
47                android:name="com.google.firebase.components:com.google.firebase.database.DatabaseRegistrar"
47-->[com.google.firebase:firebase-database:19.2.1] AndroidManifest.xml:33:17-109
48                android:value="com.google.firebase.components.ComponentRegistrar" />
48-->[com.google.firebase:firebase-database:19.2.1] AndroidManifest.xml:34:17-82
49            <meta-data
49-->[com.google.android.gms:play-services-measurement-api:17.2.3] AndroidManifest.xml:30:13-32:85
50                android:name="com.google.firebase.components:com.google.firebase.analytics.connector.internal.AnalyticsConnectorRegistrar"
50-->[com.google.android.gms:play-services-measurement-api:17.2.3] AndroidManifest.xml:31:17-139
51                android:value="com.google.firebase.components.ComponentRegistrar" />
51-->[com.google.android.gms:play-services-measurement-api:17.2.3] AndroidManifest.xml:32:17-82
52            <meta-data
52-->[com.google.firebase:firebase-iid:20.0.2] AndroidManifest.xml:32:13-34:85
53                android:name="com.google.firebase.components:com.google.firebase.iid.Registrar"
53-->[com.google.firebase:firebase-iid:20.0.2] AndroidManifest.xml:33:17-96
54                android:value="com.google.firebase.components.ComponentRegistrar" />
54-->[com.google.firebase:firebase-iid:20.0.2] AndroidManifest.xml:34:17-82
55        </service>
56
57        <receiver
57-->[com.google.firebase:firebase-iid:20.0.2] AndroidManifest.xml:37:9-44:20
58            android:name="com.google.firebase.iid.FirebaseInstanceIdReceiver"
58-->[com.google.firebase:firebase-iid:20.0.2] AndroidManifest.xml:38:13-78
59            android:exported="true"
59-->[com.google.firebase:firebase-iid:20.0.2] AndroidManifest.xml:39:13-36
60            android:permission="com.google.android.c2dm.permission.SEND" >
60-->[com.google.firebase:firebase-iid:20.0.2] AndroidManifest.xml:40:13-73
61            <intent-filter>
61-->[com.google.firebase:firebase-iid:20.0.2] AndroidManifest.xml:41:13-43:29
62                <action android:name="com.google.android.c2dm.intent.RECEIVE" />
62-->[com.google.firebase:firebase-iid:20.0.2] AndroidManifest.xml:42:17-81
62-->[com.google.firebase:firebase-iid:20.0.2] AndroidManifest.xml:42:25-78
63            </intent-filter>
64        </receiver>
65
66        <activity
66-->[com.google.android.gms:play-services-base:17.0.0] AndroidManifest.xml:23:9-26:75
67            android:name="com.google.android.gms.common.api.GoogleApiActivity"
67-->[com.google.android.gms:play-services-base:17.0.0] AndroidManifest.xml:24:13-79
68            android:exported="false"
68-->[com.google.android.gms:play-services-base:17.0.0] AndroidManifest.xml:25:13-37
69            android:theme="@android:style/Theme.Translucent.NoTitleBar" />
69-->[com.google.android.gms:play-services-base:17.0.0] AndroidManifest.xml:26:13-72
70
71        <provider
71-->[com.google.firebase:firebase-common:19.3.0] AndroidManifest.xml:26:9-30:39
72            android:name="com.google.firebase.provider.FirebaseInitProvider"
72-->[com.google.firebase:firebase-common:19.3.0] AndroidManifest.xml:27:13-77
73            android:authorities="com.saidur.corona.firebaseinitprovider"
73-->[com.google.firebase:firebase-common:19.3.0] AndroidManifest.xml:28:13-72
74            android:exported="false"
74-->[com.google.firebase:firebase-common:19.3.0] AndroidManifest.xml:29:13-37
75            android:initOrder="100" />
75-->[com.google.firebase:firebase-common:19.3.0] AndroidManifest.xml:30:13-36
76
77        <receiver
77-->[com.google.android.gms:play-services-measurement:17.2.3] AndroidManifest.xml:29:9-33:20
78            android:name="com.google.android.gms.measurement.AppMeasurementReceiver"
78-->[com.google.android.gms:play-services-measurement:17.2.3] AndroidManifest.xml:30:13-85
79            android:enabled="true"
79-->[com.google.android.gms:play-services-measurement:17.2.3] AndroidManifest.xml:31:13-35
80            android:exported="false" >
80-->[com.google.android.gms:play-services-measurement:17.2.3] AndroidManifest.xml:32:13-37
81        </receiver>
82        <receiver
82-->[com.google.android.gms:play-services-measurement:17.2.3] AndroidManifest.xml:34:9-42:20
83            android:name="com.google.android.gms.measurement.AppMeasurementInstallReferrerReceiver"
83-->[com.google.android.gms:play-services-measurement:17.2.3] AndroidManifest.xml:35:13-100
84            android:enabled="true"
84-->[com.google.android.gms:play-services-measurement:17.2.3] AndroidManifest.xml:36:13-35
85            android:exported="true"
85-->[com.google.android.gms:play-services-measurement:17.2.3] AndroidManifest.xml:37:13-36
86            android:permission="android.permission.INSTALL_PACKAGES" >
86-->[com.google.android.gms:play-services-measurement:17.2.3] AndroidManifest.xml:38:13-69
87            <intent-filter>
87-->[com.google.android.gms:play-services-measurement:17.2.3] AndroidManifest.xml:39:13-41:29
88                <action android:name="com.android.vending.INSTALL_REFERRER" />
88-->[com.google.android.gms:play-services-measurement:17.2.3] AndroidManifest.xml:40:17-79
88-->[com.google.android.gms:play-services-measurement:17.2.3] AndroidManifest.xml:40:25-76
89            </intent-filter>
90        </receiver>
91
92        <service
92-->[com.google.android.gms:play-services-measurement:17.2.3] AndroidManifest.xml:44:9-47:40
93            android:name="com.google.android.gms.measurement.AppMeasurementService"
93-->[com.google.android.gms:play-services-measurement:17.2.3] AndroidManifest.xml:45:13-84
94            android:enabled="true"
94-->[com.google.android.gms:play-services-measurement:17.2.3] AndroidManifest.xml:46:13-35
95            android:exported="false" />
95-->[com.google.android.gms:play-services-measurement:17.2.3] AndroidManifest.xml:47:13-37
96        <service
96-->[com.google.android.gms:play-services-measurement:17.2.3] AndroidManifest.xml:48:9-52:72
97            android:name="com.google.android.gms.measurement.AppMeasurementJobService"
97-->[com.google.android.gms:play-services-measurement:17.2.3] AndroidManifest.xml:49:13-87
98            android:enabled="true"
98-->[com.google.android.gms:play-services-measurement:17.2.3] AndroidManifest.xml:50:13-35
99            android:exported="false"
99-->[com.google.android.gms:play-services-measurement:17.2.3] AndroidManifest.xml:51:13-37
100            android:permission="android.permission.BIND_JOB_SERVICE" />
100-->[com.google.android.gms:play-services-measurement:17.2.3] AndroidManifest.xml:52:13-69
101
102        <meta-data
102-->[com.google.android.gms:play-services-basement:17.0.0] AndroidManifest.xml:23:9-25:69
103            android:name="com.google.android.gms.version"
103-->[com.google.android.gms:play-services-basement:17.0.0] AndroidManifest.xml:24:13-58
104            android:value="@integer/google_play_services_version" />
104-->[com.google.android.gms:play-services-basement:17.0.0] AndroidManifest.xml:25:13-66
105    </application>
106
107</manifest>